   1               		.file	"main.c"
   2               	__SP_H__ = 0x3e
   3               	__SP_L__ = 0x3d
   4               	__SREG__ = 0x3f
   5               	__tmp_reg__ = 0
   6               	__zero_reg__ = 1
   7               		.text
   8               	.Ltext0:
   9               		.cfi_sections	.debug_frame
  10               		.section	.text.startup,"ax",@progbits
  11               	.global	main
  13               	main:
  14               	.LFB7:
  15               		.file 1 "main.c"
   1:main.c        **** #include <stdio.h>
   2:main.c        **** #include <avr/io.h>
   3:main.c        **** #include <avr/interrupt.h>
   4:main.c        **** #include <util/delay.h>
   5:main.c        **** 
   6:main.c        **** 
   7:main.c        **** int main(void) {
  16               		.loc 1 7 0
  17               		.cfi_startproc
  18               	/* prologue: function */
  19               	/* frame size = 0 */
  20               	/* stack size = 0 */
  21               	.L__stack_usage = 0
   8:main.c        ****     
   9:main.c        ****     //Set pin PB4 to output
  10:main.c        ****     DDRB |= _BV(PB4);
  22               		.loc 1 10 0
  23 0000 BC9A      		sbi 0x17,4
  11:main.c        ****     
  12:main.c        ****     //Set pin PB2 to input
  13:main.c        ****     DDRB &= ~_BV(PB2);
  24               		.loc 1 13 0
  25 0002 BA98      		cbi 0x17,2
  26               	.L3:
  14:main.c        ****     
  15:main.c        ****     
  16:main.c        ****     while(1){
  17:main.c        ****         
  18:main.c        ****         if(PINB & (1<<PB2)){
  27               		.loc 1 18 0
  28 0004 B29B      		sbis 0x16,2
  29 0006 00C0      		rjmp .L3
  19:main.c        ****             PORTB |= _BV(PB4);
  30               		.loc 1 19 0
  31 0008 C49A      		sbi 0x18,4
  32               	.LVL0:
  33               	.LBB4:
  34               	.LBB5:
  35               		.file 2 "/usr/local/CrossPack-AVR-20131216/avr/include/util/delay.h"
   1:/usr/local/CrossPack-AVR-20131216/avr/include/util/delay.h **** /* Copyright (c) 2002, Marek Michalkiewicz
   2:/usr/local/CrossPack-AVR-20131216/avr/include/util/delay.h ****    Copyright (c) 2004,2005,2007 Joerg Wunsch
   3:/usr/local/CrossPack-AVR-20131216/avr/include/util/delay.h ****    Copyright (c) 2007  Florin-Viorel Petrov
   4:/usr/local/CrossPack-AVR-20131216/avr/include/util/delay.h ****    All rights reserved.
   5:/usr/local/CrossPack-AVR-20131216/avr/include/util/delay.h **** 
   6:/usr/local/CrossPack-AVR-20131216/avr/include/util/delay.h ****    Redistribution and use in source and binary forms, with or without
   7:/usr/local/CrossPack-AVR-20131216/avr/include/util/delay.h ****    modification, are permitted provided that the following conditions are met:
   8:/usr/local/CrossPack-AVR-20131216/avr/include/util/delay.h **** 
   9:/usr/local/CrossPack-AVR-20131216/avr/include/util/delay.h ****    * Redistributions of source code must retain the above copyright
  10:/usr/local/CrossPack-AVR-20131216/avr/include/util/delay.h ****      notice, this list of conditions and the following disclaimer.
  11:/usr/local/CrossPack-AVR-20131216/avr/include/util/delay.h **** 
  12:/usr/local/CrossPack-AVR-20131216/avr/include/util/delay.h ****    * Redistributions in binary form must reproduce the above copyright
  13:/usr/local/CrossPack-AVR-20131216/avr/include/util/delay.h ****      notice, this list of conditions and the following disclaimer in
  14:/usr/local/CrossPack-AVR-20131216/avr/include/util/delay.h ****      the documentation and/or other materials provided with the
  15:/usr/local/CrossPack-AVR-20131216/avr/include/util/delay.h ****      distribution.
  16:/usr/local/CrossPack-AVR-20131216/avr/include/util/delay.h **** 
  17:/usr/local/CrossPack-AVR-20131216/avr/include/util/delay.h ****    * Neither the name of the copyright holders nor the names of
  18:/usr/local/CrossPack-AVR-20131216/avr/include/util/delay.h ****      contributors may be used to endorse or promote products derived
  19:/usr/local/CrossPack-AVR-20131216/avr/include/util/delay.h ****      from this software without specific prior written permission.
  20:/usr/local/CrossPack-AVR-20131216/avr/include/util/delay.h **** 
  21:/usr/local/CrossPack-AVR-20131216/avr/include/util/delay.h ****   THIS SOFTWARE IS PROVIDED BY THE COPYRIGHT HOLDERS AND CONTRIBUTORS "AS IS"
  22:/usr/local/CrossPack-AVR-20131216/avr/include/util/delay.h ****   AND ANY EXPRESS OR IMPLIED WARRANTIES, INCLUDING, BUT NOT LIMITED TO, THE
  23:/usr/local/CrossPack-AVR-20131216/avr/include/util/delay.h ****   IMPLIED WARRANTIES OF MERCHANTABILITY AND FITNESS FOR A PARTICULAR PURPOSE
  24:/usr/local/CrossPack-AVR-20131216/avr/include/util/delay.h ****   ARE DISCLAIMED. IN NO EVENT SHALL THE COPYRIGHT OWNER OR CONTRIBUTORS BE
  25:/usr/local/CrossPack-AVR-20131216/avr/include/util/delay.h ****   LIABLE FOR ANY DIRECT, INDIRECT, INCIDENTAL, SPECIAL, EXEMPLARY, OR
  26:/usr/local/CrossPack-AVR-20131216/avr/include/util/delay.h ****   CONSEQUENTIAL DAMAGES (INCLUDING, BUT NOT LIMITED TO, PROCUREMENT OF
  27:/usr/local/CrossPack-AVR-20131216/avr/include/util/delay.h ****   SUBSTITUTE GOODS OR SERVICES; LOSS OF USE, DATA, OR PROFITS; OR BUSINESS
  28:/usr/local/CrossPack-AVR-20131216/avr/include/util/delay.h ****   INTERRUPTION) HOWEVER CAUSED AND ON ANY THEORY OF LIABILITY, WHETHER IN
  29:/usr/local/CrossPack-AVR-20131216/avr/include/util/delay.h ****   CONTRACT, STRICT LIABILITY, OR TORT (INCLUDING NEGLIGENCE OR OTHERWISE)
  30:/usr/local/CrossPack-AVR-20131216/avr/include/util/delay.h ****   ARISING IN ANY WAY OUT OF THE USE OF THIS SOFTWARE, EVEN IF ADVISED OF THE
  31:/usr/local/CrossPack-AVR-20131216/avr/include/util/delay.h ****   POSSIBILITY OF SUCH DAMAGE. */
  32:/usr/local/CrossPack-AVR-20131216/avr/include/util/delay.h **** 
  33:/usr/local/CrossPack-AVR-20131216/avr/include/util/delay.h **** /* $Id$ */
  34:/usr/local/CrossPack-AVR-20131216/avr/include/util/delay.h **** 
  35:/usr/local/CrossPack-AVR-20131216/avr/include/util/delay.h **** #ifndef _UTIL_DELAY_H_
  36:/usr/local/CrossPack-AVR-20131216/avr/include/util/delay.h **** #define _UTIL_DELAY_H_ 1
  37:/usr/local/CrossPack-AVR-20131216/avr/include/util/delay.h **** 
  38:/usr/local/CrossPack-AVR-20131216/avr/include/util/delay.h **** #ifndef __HAS_DELAY_CYCLES
  39:/usr/local/CrossPack-AVR-20131216/avr/include/util/delay.h **** #define __HAS_DELAY_CYCLES 1
  40:/usr/local/CrossPack-AVR-20131216/avr/include/util/delay.h **** #endif
  41:/usr/local/CrossPack-AVR-20131216/avr/include/util/delay.h **** 
  42:/usr/local/CrossPack-AVR-20131216/avr/include/util/delay.h **** #include <inttypes.h>
  43:/usr/local/CrossPack-AVR-20131216/avr/include/util/delay.h **** #include <util/delay_basic.h>
  44:/usr/local/CrossPack-AVR-20131216/avr/include/util/delay.h **** #include <math.h>
  45:/usr/local/CrossPack-AVR-20131216/avr/include/util/delay.h **** 
  46:/usr/local/CrossPack-AVR-20131216/avr/include/util/delay.h **** /** \file */
  47:/usr/local/CrossPack-AVR-20131216/avr/include/util/delay.h **** /** \defgroup util_delay <util/delay.h>: Convenience functions for busy-wait delay loops
  48:/usr/local/CrossPack-AVR-20131216/avr/include/util/delay.h ****     \code
  49:/usr/local/CrossPack-AVR-20131216/avr/include/util/delay.h ****     #define F_CPU 1000000UL  // 1 MHz
  50:/usr/local/CrossPack-AVR-20131216/avr/include/util/delay.h ****     //#define F_CPU 14.7456E6
  51:/usr/local/CrossPack-AVR-20131216/avr/include/util/delay.h ****     #include <util/delay.h>
  52:/usr/local/CrossPack-AVR-20131216/avr/include/util/delay.h ****     \endcode
  53:/usr/local/CrossPack-AVR-20131216/avr/include/util/delay.h **** 
  54:/usr/local/CrossPack-AVR-20131216/avr/include/util/delay.h ****     \note As an alternative method, it is possible to pass the
  55:/usr/local/CrossPack-AVR-20131216/avr/include/util/delay.h ****     F_CPU macro down to the compiler from the Makefile.
  56:/usr/local/CrossPack-AVR-20131216/avr/include/util/delay.h ****     Obviously, in that case, no \c \#define statement should be
  57:/usr/local/CrossPack-AVR-20131216/avr/include/util/delay.h ****     used.
  58:/usr/local/CrossPack-AVR-20131216/avr/include/util/delay.h **** 
  59:/usr/local/CrossPack-AVR-20131216/avr/include/util/delay.h ****     The functions in this header file are wrappers around the basic
  60:/usr/local/CrossPack-AVR-20131216/avr/include/util/delay.h ****     busy-wait functions from <util/delay_basic.h>.  They are meant as
  61:/usr/local/CrossPack-AVR-20131216/avr/include/util/delay.h ****     convenience functions where actual time values can be specified
  62:/usr/local/CrossPack-AVR-20131216/avr/include/util/delay.h ****     rather than a number of cycles to wait for.  The idea behind is
  63:/usr/local/CrossPack-AVR-20131216/avr/include/util/delay.h ****     that compile-time constant expressions will be eliminated by
  64:/usr/local/CrossPack-AVR-20131216/avr/include/util/delay.h ****     compiler optimization so floating-point expressions can be used
  65:/usr/local/CrossPack-AVR-20131216/avr/include/util/delay.h ****     to calculate the number of delay cycles needed based on the CPU
  66:/usr/local/CrossPack-AVR-20131216/avr/include/util/delay.h ****     frequency passed by the macro F_CPU.
  67:/usr/local/CrossPack-AVR-20131216/avr/include/util/delay.h **** 
  68:/usr/local/CrossPack-AVR-20131216/avr/include/util/delay.h ****     \note In order for these functions to work as intended, compiler
  69:/usr/local/CrossPack-AVR-20131216/avr/include/util/delay.h ****     optimizations <em>must</em> be enabled, and the delay time
  70:/usr/local/CrossPack-AVR-20131216/avr/include/util/delay.h ****     <em>must</em> be an expression that is a known constant at
  71:/usr/local/CrossPack-AVR-20131216/avr/include/util/delay.h ****     compile-time.  If these requirements are not met, the resulting
  72:/usr/local/CrossPack-AVR-20131216/avr/include/util/delay.h ****     delay will be much longer (and basically unpredictable), and
  73:/usr/local/CrossPack-AVR-20131216/avr/include/util/delay.h ****     applications that otherwise do not use floating-point calculations
  74:/usr/local/CrossPack-AVR-20131216/avr/include/util/delay.h ****     will experience severe code bloat by the floating-point library
  75:/usr/local/CrossPack-AVR-20131216/avr/include/util/delay.h ****     routines linked into the application.
  76:/usr/local/CrossPack-AVR-20131216/avr/include/util/delay.h **** 
  77:/usr/local/CrossPack-AVR-20131216/avr/include/util/delay.h ****     The functions available allow the specification of microsecond, and
  78:/usr/local/CrossPack-AVR-20131216/avr/include/util/delay.h ****     millisecond delays directly, using the application-supplied macro
  79:/usr/local/CrossPack-AVR-20131216/avr/include/util/delay.h ****     F_CPU as the CPU clock frequency (in Hertz).
  80:/usr/local/CrossPack-AVR-20131216/avr/include/util/delay.h **** 
  81:/usr/local/CrossPack-AVR-20131216/avr/include/util/delay.h **** */
  82:/usr/local/CrossPack-AVR-20131216/avr/include/util/delay.h **** 
  83:/usr/local/CrossPack-AVR-20131216/avr/include/util/delay.h **** #if !defined(__DOXYGEN__)
  84:/usr/local/CrossPack-AVR-20131216/avr/include/util/delay.h **** static inline void _delay_us(double __us) __attribute__((always_inline));
  85:/usr/local/CrossPack-AVR-20131216/avr/include/util/delay.h **** static inline void _delay_ms(double __ms) __attribute__((always_inline));
  86:/usr/local/CrossPack-AVR-20131216/avr/include/util/delay.h **** #endif
  87:/usr/local/CrossPack-AVR-20131216/avr/include/util/delay.h **** 
  88:/usr/local/CrossPack-AVR-20131216/avr/include/util/delay.h **** #ifndef F_CPU
  89:/usr/local/CrossPack-AVR-20131216/avr/include/util/delay.h **** /* prevent compiler error by supplying a default */
  90:/usr/local/CrossPack-AVR-20131216/avr/include/util/delay.h **** # warning "F_CPU not defined for <util/delay.h>"
  91:/usr/local/CrossPack-AVR-20131216/avr/include/util/delay.h **** # define F_CPU 1000000UL
  92:/usr/local/CrossPack-AVR-20131216/avr/include/util/delay.h **** #endif
  93:/usr/local/CrossPack-AVR-20131216/avr/include/util/delay.h **** 
  94:/usr/local/CrossPack-AVR-20131216/avr/include/util/delay.h **** #ifndef __OPTIMIZE__
  95:/usr/local/CrossPack-AVR-20131216/avr/include/util/delay.h **** # warning "Compiler optimizations disabled; functions from <util/delay.h> won't work as designed"
  96:/usr/local/CrossPack-AVR-20131216/avr/include/util/delay.h **** #endif
  97:/usr/local/CrossPack-AVR-20131216/avr/include/util/delay.h **** 
  98:/usr/local/CrossPack-AVR-20131216/avr/include/util/delay.h **** #if __HAS_DELAY_CYCLES && defined(__OPTIMIZE__) && \
  99:/usr/local/CrossPack-AVR-20131216/avr/include/util/delay.h ****   !defined(__DELAY_BACKWARD_COMPATIBLE__) &&	   \
 100:/usr/local/CrossPack-AVR-20131216/avr/include/util/delay.h ****   __STDC_HOSTED__
 101:/usr/local/CrossPack-AVR-20131216/avr/include/util/delay.h **** #  include <math.h>
 102:/usr/local/CrossPack-AVR-20131216/avr/include/util/delay.h **** #endif
 103:/usr/local/CrossPack-AVR-20131216/avr/include/util/delay.h **** 
 104:/usr/local/CrossPack-AVR-20131216/avr/include/util/delay.h **** /**
 105:/usr/local/CrossPack-AVR-20131216/avr/include/util/delay.h ****    \ingroup util_delay
 106:/usr/local/CrossPack-AVR-20131216/avr/include/util/delay.h **** 
 107:/usr/local/CrossPack-AVR-20131216/avr/include/util/delay.h ****    Perform a delay of \c __ms milliseconds, using _delay_loop_2().
 108:/usr/local/CrossPack-AVR-20131216/avr/include/util/delay.h **** 
 109:/usr/local/CrossPack-AVR-20131216/avr/include/util/delay.h ****    The macro F_CPU is supposed to be defined to a
 110:/usr/local/CrossPack-AVR-20131216/avr/include/util/delay.h ****    constant defining the CPU clock frequency (in Hertz).
 111:/usr/local/CrossPack-AVR-20131216/avr/include/util/delay.h **** 
 112:/usr/local/CrossPack-AVR-20131216/avr/include/util/delay.h ****    The maximal possible delay is 262.14 ms / F_CPU in MHz.
 113:/usr/local/CrossPack-AVR-20131216/avr/include/util/delay.h **** 
 114:/usr/local/CrossPack-AVR-20131216/avr/include/util/delay.h ****    When the user request delay which exceed the maximum possible one,
 115:/usr/local/CrossPack-AVR-20131216/avr/include/util/delay.h ****    _delay_ms() provides a decreased resolution functionality. In this
 116:/usr/local/CrossPack-AVR-20131216/avr/include/util/delay.h ****    mode _delay_ms() will work with a resolution of 1/10 ms, providing
 117:/usr/local/CrossPack-AVR-20131216/avr/include/util/delay.h ****    delays up to 6.5535 seconds (independent from CPU frequency).  The
 118:/usr/local/CrossPack-AVR-20131216/avr/include/util/delay.h ****    user will not be informed about decreased resolution.
 119:/usr/local/CrossPack-AVR-20131216/avr/include/util/delay.h **** 
 120:/usr/local/CrossPack-AVR-20131216/avr/include/util/delay.h ****    If the avr-gcc toolchain has __builtin_avr_delay_cycles(unsigned long)
 121:/usr/local/CrossPack-AVR-20131216/avr/include/util/delay.h ****    support, maximal possible delay is 4294967.295 ms/ F_CPU in MHz. For
 122:/usr/local/CrossPack-AVR-20131216/avr/include/util/delay.h ****    values greater than the maximal possible delay, overflows results in
 123:/usr/local/CrossPack-AVR-20131216/avr/include/util/delay.h ****    no delay i.e., 0ms.
 124:/usr/local/CrossPack-AVR-20131216/avr/include/util/delay.h **** 
 125:/usr/local/CrossPack-AVR-20131216/avr/include/util/delay.h ****    Conversion of __us into clock cycles may not always result in integer.
 126:/usr/local/CrossPack-AVR-20131216/avr/include/util/delay.h ****    By default, the clock cycles rounded up to next integer. This ensures that
 127:/usr/local/CrossPack-AVR-20131216/avr/include/util/delay.h ****    the user gets atleast __us microseconds of delay.
 128:/usr/local/CrossPack-AVR-20131216/avr/include/util/delay.h **** 
 129:/usr/local/CrossPack-AVR-20131216/avr/include/util/delay.h ****    Alternatively, user can define __DELAY_ROUND_DOWN__ and __DELAY_ROUND_CLOSEST__
 130:/usr/local/CrossPack-AVR-20131216/avr/include/util/delay.h ****    to round down and round to closest integer.
 131:/usr/local/CrossPack-AVR-20131216/avr/include/util/delay.h **** 
 132:/usr/local/CrossPack-AVR-20131216/avr/include/util/delay.h ****    Note: The new implementation of _delay_ms(double __ms) with 
 133:/usr/local/CrossPack-AVR-20131216/avr/include/util/delay.h ****     __builtin_avr_delay_cycles(unsigned long) support is not backward compatible. 
 134:/usr/local/CrossPack-AVR-20131216/avr/include/util/delay.h ****    User can define __DELAY_BACKWARD_COMPATIBLE__ to get a backward compatible delay.
 135:/usr/local/CrossPack-AVR-20131216/avr/include/util/delay.h ****    Also, the backward compatible
 136:/usr/local/CrossPack-AVR-20131216/avr/include/util/delay.h ****    algorithm will be chosen if the code is compiled in a <em>freestanding
 137:/usr/local/CrossPack-AVR-20131216/avr/include/util/delay.h ****    environment</em> (GCC option \c -ffreestanding), as the math functions
 138:/usr/local/CrossPack-AVR-20131216/avr/include/util/delay.h ****    required for rounding are not available to the compiler then.
 139:/usr/local/CrossPack-AVR-20131216/avr/include/util/delay.h **** 
 140:/usr/local/CrossPack-AVR-20131216/avr/include/util/delay.h ****  */
 141:/usr/local/CrossPack-AVR-20131216/avr/include/util/delay.h **** void
 142:/usr/local/CrossPack-AVR-20131216/avr/include/util/delay.h **** _delay_ms(double __ms)
 143:/usr/local/CrossPack-AVR-20131216/avr/include/util/delay.h **** {
 144:/usr/local/CrossPack-AVR-20131216/avr/include/util/delay.h **** 	double __tmp ; 
 145:/usr/local/CrossPack-AVR-20131216/avr/include/util/delay.h **** #if __HAS_DELAY_CYCLES && defined(__OPTIMIZE__) && \
 146:/usr/local/CrossPack-AVR-20131216/avr/include/util/delay.h ****   !defined(__DELAY_BACKWARD_COMPATIBLE__) &&	   \
 147:/usr/local/CrossPack-AVR-20131216/avr/include/util/delay.h ****   __STDC_HOSTED__
 148:/usr/local/CrossPack-AVR-20131216/avr/include/util/delay.h **** 	uint32_t __ticks_dc;
 149:/usr/local/CrossPack-AVR-20131216/avr/include/util/delay.h **** 	extern void __builtin_avr_delay_cycles(unsigned long);
 150:/usr/local/CrossPack-AVR-20131216/avr/include/util/delay.h **** 	__tmp = ((F_CPU) / 1e3) * __ms;
 151:/usr/local/CrossPack-AVR-20131216/avr/include/util/delay.h **** 
 152:/usr/local/CrossPack-AVR-20131216/avr/include/util/delay.h **** 	#if defined(__DELAY_ROUND_DOWN__)
 153:/usr/local/CrossPack-AVR-20131216/avr/include/util/delay.h **** 		__ticks_dc = (uint32_t)fabs(__tmp);
 154:/usr/local/CrossPack-AVR-20131216/avr/include/util/delay.h **** 
 155:/usr/local/CrossPack-AVR-20131216/avr/include/util/delay.h **** 	#elif defined(__DELAY_ROUND_CLOSEST__)
 156:/usr/local/CrossPack-AVR-20131216/avr/include/util/delay.h **** 		__ticks_dc = (uint32_t)(fabs(__tmp)+0.5);
 157:/usr/local/CrossPack-AVR-20131216/avr/include/util/delay.h **** 
 158:/usr/local/CrossPack-AVR-20131216/avr/include/util/delay.h **** 	#else
 159:/usr/local/CrossPack-AVR-20131216/avr/include/util/delay.h **** 		//round up by default
 160:/usr/local/CrossPack-AVR-20131216/avr/include/util/delay.h **** 		__ticks_dc = (uint32_t)(ceil(fabs(__tmp)));
 161:/usr/local/CrossPack-AVR-20131216/avr/include/util/delay.h **** 	#endif
 162:/usr/local/CrossPack-AVR-20131216/avr/include/util/delay.h **** 
 163:/usr/local/CrossPack-AVR-20131216/avr/include/util/delay.h **** 	__builtin_avr_delay_cycles(__ticks_dc);
  36               		.loc 2 163 0
  37 000a 2FE3      		ldi r18,lo8(199999)
  38 000c 8DE0      		ldi r24,hi8(199999)
  39 000e 93E0      		ldi r25,hlo8(199999)
  40 0010 2150      		1: subi r18,1
  41 0012 8040      		sbci r24,0
  42 0014 9040      		sbci r25,0
  43 0016 01F4      		brne 1b
  44 0018 00C0      		rjmp .
  45 001a 0000      		nop
  46               	.LBE5:
  47               	.LBE4:
  20:main.c        ****             
  21:main.c        ****             _delay_ms(1000);
  22:main.c        ****             
  23:main.c        ****             PORTB &= ~_BV(PB4);
  48               		.loc 1 23 0
  49 001c C498      		cbi 0x18,4
  50 001e 00C0      		rjmp .L3
  51               		.cfi_endproc
  52               	.LFE7:
  54               		.text
  55               	.Letext0:
  56               		.file 3 "/usr/local/CrossPack-AVR-20131216/avr/include/stdint.h"
DEFINED SYMBOLS
                            *ABS*:00000000 main.c
/var/folders/7r/172l2v6s1790wxggh2qc74fc0000gn/T//cc0iAHmc.s:2      *ABS*:0000003e __SP_H__
/var/folders/7r/172l2v6s1790wxggh2qc74fc0000gn/T//cc0iAHmc.s:3      *ABS*:0000003d __SP_L__
/var/folders/7r/172l2v6s1790wxggh2qc74fc0000gn/T//cc0iAHmc.s:4      *ABS*:0000003f __SREG__
/var/folders/7r/172l2v6s1790wxggh2qc74fc0000gn/T//cc0iAHmc.s:5      *ABS*:00000000 __tmp_reg__
/var/folders/7r/172l2v6s1790wxggh2qc74fc0000gn/T//cc0iAHmc.s:6      *ABS*:00000001 __zero_reg__
/var/folders/7r/172l2v6s1790wxggh2qc74fc0000gn/T//cc0iAHmc.s:13     .text.startup:00000000 main

NO UNDEFINED SYMBOLS
