   1               		.file	"main.c"
   2               	__SP_H__ = 0x3e
   3               	__SP_L__ = 0x3d
   4               	__SREG__ = 0x3f
   5               	__tmp_reg__ = 0
   6               	__zero_reg__ = 1
   8               		.text
   9               	.Ltext0:
 101               		.section	.text.startup,"ax",@progbits
 103               	.global	main
 105               	main:
   1:/Users/tedmyers/GitHub/learning-AVR/PWM/PWM/main.c **** /* included header files - necessary for functions and defined pins */
   2:/Users/tedmyers/GitHub/learning-AVR/PWM/PWM/main.c **** #include <avr/io.h>
   3:/Users/tedmyers/GitHub/learning-AVR/PWM/PWM/main.c **** #include <avr/interrupt.h>
   4:/Users/tedmyers/GitHub/learning-AVR/PWM/PWM/main.c **** #include <util/delay.h>
   5:/Users/tedmyers/GitHub/learning-AVR/PWM/PWM/main.c **** 
   6:/Users/tedmyers/GitHub/learning-AVR/PWM/PWM/main.c **** void pwm_init(void);
   7:/Users/tedmyers/GitHub/learning-AVR/PWM/PWM/main.c **** 
   8:/Users/tedmyers/GitHub/learning-AVR/PWM/PWM/main.c **** 
   9:/Users/tedmyers/GitHub/learning-AVR/PWM/PWM/main.c **** // Pin Definitions (same for fruit and vegetable boards)
  10:/Users/tedmyers/GitHub/learning-AVR/PWM/PWM/main.c **** #define RED_PIN     PD3
  11:/Users/tedmyers/GitHub/learning-AVR/PWM/PWM/main.c **** #define GREEN_PIN   PD6
  12:/Users/tedmyers/GitHub/learning-AVR/PWM/PWM/main.c **** #define BLUE_PIN    PD5
  13:/Users/tedmyers/GitHub/learning-AVR/PWM/PWM/main.c **** #define ROT_A       PC0
  14:/Users/tedmyers/GitHub/learning-AVR/PWM/PWM/main.c **** #define ROT_B       PC1
  15:/Users/tedmyers/GitHub/learning-AVR/PWM/PWM/main.c **** #define BUTTON      PC3
  16:/Users/tedmyers/GitHub/learning-AVR/PWM/PWM/main.c **** 
  17:/Users/tedmyers/GitHub/learning-AVR/PWM/PWM/main.c **** int main(void)
  18:/Users/tedmyers/GitHub/learning-AVR/PWM/PWM/main.c **** {
 107               	.LM0:
 108               	.LFBB1:
 109               	/* prologue: function */
 110               	/* frame size = 0 */
 111               	/* stack size = 0 */
 112               	.L__stack_usage = 0
  19:/Users/tedmyers/GitHub/learning-AVR/PWM/PWM/main.c ****     //Initialize PWM
  20:/Users/tedmyers/GitHub/learning-AVR/PWM/PWM/main.c ****     //pwm_init();
  21:/Users/tedmyers/GitHub/learning-AVR/PWM/PWM/main.c ****     
  22:/Users/tedmyers/GitHub/learning-AVR/PWM/PWM/main.c ****     // OC0A is tied to pin PD6 (pin 12 on 328 chip)
  23:/Users/tedmyers/GitHub/learning-AVR/PWM/PWM/main.c ****     // OC0B is tied to pin PD5 (pin 11 on 328 chip)
  24:/Users/tedmyers/GitHub/learning-AVR/PWM/PWM/main.c ****     // OC2B is tied to pin PD3 (pin 5 on 328 chip)
  25:/Users/tedmyers/GitHub/learning-AVR/PWM/PWM/main.c ****     // Set all three pins to output
  26:/Users/tedmyers/GitHub/learning-AVR/PWM/PWM/main.c ****     DDRD |= (1 << RED_PIN) | (1 << GREEN_PIN) | (1 << BLUE_PIN);
 114               	.LM1:
 115 0000 8AB1      		in r24,0xa
 116 0002 8866      		ori r24,lo8(104)
 117 0004 8AB9      		out 0xa,r24
  27:/Users/tedmyers/GitHub/learning-AVR/PWM/PWM/main.c ****     
  28:/Users/tedmyers/GitHub/learning-AVR/PWM/PWM/main.c ****     // Start all color channels off
  29:/Users/tedmyers/GitHub/learning-AVR/PWM/PWM/main.c ****     OCR0A = 255;
 119               	.LM2:
 120 0006 8FEF      		ldi r24,lo8(-1)
 121 0008 87BD      		out 0x27,r24
  30:/Users/tedmyers/GitHub/learning-AVR/PWM/PWM/main.c ****     OCR0B = 255;
 123               	.LM3:
 124 000a 88BD      		out 0x28,r24
  31:/Users/tedmyers/GitHub/learning-AVR/PWM/PWM/main.c ****     OCR2B = 255;
 126               	.LM4:
 127 000c 8093 B400 		sts 180,r24
 128               	.L14:
 129               	.LBB20:
  32:/Users/tedmyers/GitHub/learning-AVR/PWM/PWM/main.c ****     
  33:/Users/tedmyers/GitHub/learning-AVR/PWM/PWM/main.c ****     int delay_amount = 20; // milliseconds to delay between changing PWM values
  34:/Users/tedmyers/GitHub/learning-AVR/PWM/PWM/main.c ****     
  35:/Users/tedmyers/GitHub/learning-AVR/PWM/PWM/main.c ****     while(1)
  36:/Users/tedmyers/GitHub/learning-AVR/PWM/PWM/main.c ****     {
  37:/Users/tedmyers/GitHub/learning-AVR/PWM/PWM/main.c ****         
  38:/Users/tedmyers/GitHub/learning-AVR/PWM/PWM/main.c ****         // fade green up
  39:/Users/tedmyers/GitHub/learning-AVR/PWM/PWM/main.c ****         for (int i = 0; i < 256; i++)
 131               	.LM5:
 132 0010 80E0      		ldi r24,0
 133 0012 90E0      		ldi r25,0
 134               	.L2:
 136               	.LM6:
 137 0014 8F3F      		cpi r24,-1
 138 0016 9105      		cpc r25,__zero_reg__
 139 0018 01F0      		breq .+2
 140 001a 04F4      		brge .L16
  40:/Users/tedmyers/GitHub/learning-AVR/PWM/PWM/main.c ****         {
  41:/Users/tedmyers/GitHub/learning-AVR/PWM/PWM/main.c ****             OCR0A = (255-i);
 142               	.LM7:
 143 001c 282F      		mov r18,r24
 144 001e 2095      		com r18
 145 0020 27BD      		out 0x27,r18
 146               	.LBB21:
 147               	.LBB22:
 149               	.Ltext1:
   1:/usr/local/CrossPack-AVR-20131216/avr/include/util/delay.h **** /* Copyright (c) 2002, Marek Michalkiewicz
   2:/usr/local/CrossPack-AVR-20131216/avr/include/util/delay.h ****    Copyright (c) 2004,2005,2007 Joerg Wunsch
   3:/usr/local/CrossPack-AVR-20131216/avr/include/util/delay.h ****    Copyright (c) 2007  Florin-Viorel Petrov
   4:/usr/local/CrossPack-AVR-20131216/avr/include/util/delay.h ****    All rights reserved.
   5:/usr/local/CrossPack-AVR-20131216/avr/include/util/delay.h **** 
   6:/usr/local/CrossPack-AVR-20131216/avr/include/util/delay.h ****    Redistribution and use in source and binary forms, with or without
   7:/usr/local/CrossPack-AVR-20131216/avr/include/util/delay.h ****    modification, are permitted provided that the following conditions are met:
   8:/usr/local/CrossPack-AVR-20131216/avr/include/util/delay.h **** 
   9:/usr/local/CrossPack-AVR-20131216/avr/include/util/delay.h ****    * Redistributions of source code must retain the above copyright
  10:/usr/local/CrossPack-AVR-20131216/avr/include/util/delay.h ****      notice, this list of conditions and the following disclaimer.
  11:/usr/local/CrossPack-AVR-20131216/avr/include/util/delay.h **** 
  12:/usr/local/CrossPack-AVR-20131216/avr/include/util/delay.h ****    * Redistributions in binary form must reproduce the above copyright
  13:/usr/local/CrossPack-AVR-20131216/avr/include/util/delay.h ****      notice, this list of conditions and the following disclaimer in
  14:/usr/local/CrossPack-AVR-20131216/avr/include/util/delay.h ****      the documentation and/or other materials provided with the
  15:/usr/local/CrossPack-AVR-20131216/avr/include/util/delay.h ****      distribution.
  16:/usr/local/CrossPack-AVR-20131216/avr/include/util/delay.h **** 
  17:/usr/local/CrossPack-AVR-20131216/avr/include/util/delay.h ****    * Neither the name of the copyright holders nor the names of
  18:/usr/local/CrossPack-AVR-20131216/avr/include/util/delay.h ****      contributors may be used to endorse or promote products derived
  19:/usr/local/CrossPack-AVR-20131216/avr/include/util/delay.h ****      from this software without specific prior written permission.
  20:/usr/local/CrossPack-AVR-20131216/avr/include/util/delay.h **** 
  21:/usr/local/CrossPack-AVR-20131216/avr/include/util/delay.h ****   THIS SOFTWARE IS PROVIDED BY THE COPYRIGHT HOLDERS AND CONTRIBUTORS "AS IS"
  22:/usr/local/CrossPack-AVR-20131216/avr/include/util/delay.h ****   AND ANY EXPRESS OR IMPLIED WARRANTIES, INCLUDING, BUT NOT LIMITED TO, THE
  23:/usr/local/CrossPack-AVR-20131216/avr/include/util/delay.h ****   IMPLIED WARRANTIES OF MERCHANTABILITY AND FITNESS FOR A PARTICULAR PURPOSE
  24:/usr/local/CrossPack-AVR-20131216/avr/include/util/delay.h ****   ARE DISCLAIMED. IN NO EVENT SHALL THE COPYRIGHT OWNER OR CONTRIBUTORS BE
  25:/usr/local/CrossPack-AVR-20131216/avr/include/util/delay.h ****   LIABLE FOR ANY DIRECT, INDIRECT, INCIDENTAL, SPECIAL, EXEMPLARY, OR
  26:/usr/local/CrossPack-AVR-20131216/avr/include/util/delay.h ****   CONSEQUENTIAL DAMAGES (INCLUDING, BUT NOT LIMITED TO, PROCUREMENT OF
  27:/usr/local/CrossPack-AVR-20131216/avr/include/util/delay.h ****   SUBSTITUTE GOODS OR SERVICES; LOSS OF USE, DATA, OR PROFITS; OR BUSINESS
  28:/usr/local/CrossPack-AVR-20131216/avr/include/util/delay.h ****   INTERRUPTION) HOWEVER CAUSED AND ON ANY THEORY OF LIABILITY, WHETHER IN
  29:/usr/local/CrossPack-AVR-20131216/avr/include/util/delay.h ****   CONTRACT, STRICT LIABILITY, OR TORT (INCLUDING NEGLIGENCE OR OTHERWISE)
  30:/usr/local/CrossPack-AVR-20131216/avr/include/util/delay.h ****   ARISING IN ANY WAY OUT OF THE USE OF THIS SOFTWARE, EVEN IF ADVISED OF THE
  31:/usr/local/CrossPack-AVR-20131216/avr/include/util/delay.h ****   POSSIBILITY OF SUCH DAMAGE. */
  32:/usr/local/CrossPack-AVR-20131216/avr/include/util/delay.h **** 
  33:/usr/local/CrossPack-AVR-20131216/avr/include/util/delay.h **** /* $Id$ */
  34:/usr/local/CrossPack-AVR-20131216/avr/include/util/delay.h **** 
  35:/usr/local/CrossPack-AVR-20131216/avr/include/util/delay.h **** #ifndef _UTIL_DELAY_H_
  36:/usr/local/CrossPack-AVR-20131216/avr/include/util/delay.h **** #define _UTIL_DELAY_H_ 1
  37:/usr/local/CrossPack-AVR-20131216/avr/include/util/delay.h **** 
  38:/usr/local/CrossPack-AVR-20131216/avr/include/util/delay.h **** #ifndef __HAS_DELAY_CYCLES
  39:/usr/local/CrossPack-AVR-20131216/avr/include/util/delay.h **** #define __HAS_DELAY_CYCLES 1
  40:/usr/local/CrossPack-AVR-20131216/avr/include/util/delay.h **** #endif
  41:/usr/local/CrossPack-AVR-20131216/avr/include/util/delay.h **** 
  42:/usr/local/CrossPack-AVR-20131216/avr/include/util/delay.h **** #include <inttypes.h>
  43:/usr/local/CrossPack-AVR-20131216/avr/include/util/delay.h **** #include <util/delay_basic.h>
  44:/usr/local/CrossPack-AVR-20131216/avr/include/util/delay.h **** #include <math.h>
  45:/usr/local/CrossPack-AVR-20131216/avr/include/util/delay.h **** 
  46:/usr/local/CrossPack-AVR-20131216/avr/include/util/delay.h **** /** \file */
  47:/usr/local/CrossPack-AVR-20131216/avr/include/util/delay.h **** /** \defgroup util_delay <util/delay.h>: Convenience functions for busy-wait delay loops
  48:/usr/local/CrossPack-AVR-20131216/avr/include/util/delay.h ****     \code
  49:/usr/local/CrossPack-AVR-20131216/avr/include/util/delay.h ****     #define F_CPU 1000000UL  // 1 MHz
  50:/usr/local/CrossPack-AVR-20131216/avr/include/util/delay.h ****     //#define F_CPU 14.7456E6
  51:/usr/local/CrossPack-AVR-20131216/avr/include/util/delay.h ****     #include <util/delay.h>
  52:/usr/local/CrossPack-AVR-20131216/avr/include/util/delay.h ****     \endcode
  53:/usr/local/CrossPack-AVR-20131216/avr/include/util/delay.h **** 
  54:/usr/local/CrossPack-AVR-20131216/avr/include/util/delay.h ****     \note As an alternative method, it is possible to pass the
  55:/usr/local/CrossPack-AVR-20131216/avr/include/util/delay.h ****     F_CPU macro down to the compiler from the Makefile.
  56:/usr/local/CrossPack-AVR-20131216/avr/include/util/delay.h ****     Obviously, in that case, no \c \#define statement should be
  57:/usr/local/CrossPack-AVR-20131216/avr/include/util/delay.h ****     used.
  58:/usr/local/CrossPack-AVR-20131216/avr/include/util/delay.h **** 
  59:/usr/local/CrossPack-AVR-20131216/avr/include/util/delay.h ****     The functions in this header file are wrappers around the basic
  60:/usr/local/CrossPack-AVR-20131216/avr/include/util/delay.h ****     busy-wait functions from <util/delay_basic.h>.  They are meant as
  61:/usr/local/CrossPack-AVR-20131216/avr/include/util/delay.h ****     convenience functions where actual time values can be specified
  62:/usr/local/CrossPack-AVR-20131216/avr/include/util/delay.h ****     rather than a number of cycles to wait for.  The idea behind is
  63:/usr/local/CrossPack-AVR-20131216/avr/include/util/delay.h ****     that compile-time constant expressions will be eliminated by
  64:/usr/local/CrossPack-AVR-20131216/avr/include/util/delay.h ****     compiler optimization so floating-point expressions can be used
  65:/usr/local/CrossPack-AVR-20131216/avr/include/util/delay.h ****     to calculate the number of delay cycles needed based on the CPU
  66:/usr/local/CrossPack-AVR-20131216/avr/include/util/delay.h ****     frequency passed by the macro F_CPU.
  67:/usr/local/CrossPack-AVR-20131216/avr/include/util/delay.h **** 
  68:/usr/local/CrossPack-AVR-20131216/avr/include/util/delay.h ****     \note In order for these functions to work as intended, compiler
  69:/usr/local/CrossPack-AVR-20131216/avr/include/util/delay.h ****     optimizations <em>must</em> be enabled, and the delay time
  70:/usr/local/CrossPack-AVR-20131216/avr/include/util/delay.h ****     <em>must</em> be an expression that is a known constant at
  71:/usr/local/CrossPack-AVR-20131216/avr/include/util/delay.h ****     compile-time.  If these requirements are not met, the resulting
  72:/usr/local/CrossPack-AVR-20131216/avr/include/util/delay.h ****     delay will be much longer (and basically unpredictable), and
  73:/usr/local/CrossPack-AVR-20131216/avr/include/util/delay.h ****     applications that otherwise do not use floating-point calculations
  74:/usr/local/CrossPack-AVR-20131216/avr/include/util/delay.h ****     will experience severe code bloat by the floating-point library
  75:/usr/local/CrossPack-AVR-20131216/avr/include/util/delay.h ****     routines linked into the application.
  76:/usr/local/CrossPack-AVR-20131216/avr/include/util/delay.h **** 
  77:/usr/local/CrossPack-AVR-20131216/avr/include/util/delay.h ****     The functions available allow the specification of microsecond, and
  78:/usr/local/CrossPack-AVR-20131216/avr/include/util/delay.h ****     millisecond delays directly, using the application-supplied macro
  79:/usr/local/CrossPack-AVR-20131216/avr/include/util/delay.h ****     F_CPU as the CPU clock frequency (in Hertz).
  80:/usr/local/CrossPack-AVR-20131216/avr/include/util/delay.h **** 
  81:/usr/local/CrossPack-AVR-20131216/avr/include/util/delay.h **** */
  82:/usr/local/CrossPack-AVR-20131216/avr/include/util/delay.h **** 
  83:/usr/local/CrossPack-AVR-20131216/avr/include/util/delay.h **** #if !defined(__DOXYGEN__)
  84:/usr/local/CrossPack-AVR-20131216/avr/include/util/delay.h **** static inline void _delay_us(double __us) __attribute__((always_inline));
  85:/usr/local/CrossPack-AVR-20131216/avr/include/util/delay.h **** static inline void _delay_ms(double __ms) __attribute__((always_inline));
  86:/usr/local/CrossPack-AVR-20131216/avr/include/util/delay.h **** #endif
  87:/usr/local/CrossPack-AVR-20131216/avr/include/util/delay.h **** 
  88:/usr/local/CrossPack-AVR-20131216/avr/include/util/delay.h **** #ifndef F_CPU
  89:/usr/local/CrossPack-AVR-20131216/avr/include/util/delay.h **** /* prevent compiler error by supplying a default */
  90:/usr/local/CrossPack-AVR-20131216/avr/include/util/delay.h **** # warning "F_CPU not defined for <util/delay.h>"
  91:/usr/local/CrossPack-AVR-20131216/avr/include/util/delay.h **** # define F_CPU 1000000UL
  92:/usr/local/CrossPack-AVR-20131216/avr/include/util/delay.h **** #endif
  93:/usr/local/CrossPack-AVR-20131216/avr/include/util/delay.h **** 
  94:/usr/local/CrossPack-AVR-20131216/avr/include/util/delay.h **** #ifndef __OPTIMIZE__
  95:/usr/local/CrossPack-AVR-20131216/avr/include/util/delay.h **** # warning "Compiler optimizations disabled; functions from <util/delay.h> won't work as designed"
  96:/usr/local/CrossPack-AVR-20131216/avr/include/util/delay.h **** #endif
  97:/usr/local/CrossPack-AVR-20131216/avr/include/util/delay.h **** 
  98:/usr/local/CrossPack-AVR-20131216/avr/include/util/delay.h **** #if __HAS_DELAY_CYCLES && defined(__OPTIMIZE__) && \
  99:/usr/local/CrossPack-AVR-20131216/avr/include/util/delay.h ****   !defined(__DELAY_BACKWARD_COMPATIBLE__) &&	   \
 100:/usr/local/CrossPack-AVR-20131216/avr/include/util/delay.h ****   __STDC_HOSTED__
 101:/usr/local/CrossPack-AVR-20131216/avr/include/util/delay.h **** #  include <math.h>
 102:/usr/local/CrossPack-AVR-20131216/avr/include/util/delay.h **** #endif
 103:/usr/local/CrossPack-AVR-20131216/avr/include/util/delay.h **** 
 104:/usr/local/CrossPack-AVR-20131216/avr/include/util/delay.h **** /**
 105:/usr/local/CrossPack-AVR-20131216/avr/include/util/delay.h ****    \ingroup util_delay
 106:/usr/local/CrossPack-AVR-20131216/avr/include/util/delay.h **** 
 107:/usr/local/CrossPack-AVR-20131216/avr/include/util/delay.h ****    Perform a delay of \c __ms milliseconds, using _delay_loop_2().
 108:/usr/local/CrossPack-AVR-20131216/avr/include/util/delay.h **** 
 109:/usr/local/CrossPack-AVR-20131216/avr/include/util/delay.h ****    The macro F_CPU is supposed to be defined to a
 110:/usr/local/CrossPack-AVR-20131216/avr/include/util/delay.h ****    constant defining the CPU clock frequency (in Hertz).
 111:/usr/local/CrossPack-AVR-20131216/avr/include/util/delay.h **** 
 112:/usr/local/CrossPack-AVR-20131216/avr/include/util/delay.h ****    The maximal possible delay is 262.14 ms / F_CPU in MHz.
 113:/usr/local/CrossPack-AVR-20131216/avr/include/util/delay.h **** 
 114:/usr/local/CrossPack-AVR-20131216/avr/include/util/delay.h ****    When the user request delay which exceed the maximum possible one,
 115:/usr/local/CrossPack-AVR-20131216/avr/include/util/delay.h ****    _delay_ms() provides a decreased resolution functionality. In this
 116:/usr/local/CrossPack-AVR-20131216/avr/include/util/delay.h ****    mode _delay_ms() will work with a resolution of 1/10 ms, providing
 117:/usr/local/CrossPack-AVR-20131216/avr/include/util/delay.h ****    delays up to 6.5535 seconds (independent from CPU frequency).  The
 118:/usr/local/CrossPack-AVR-20131216/avr/include/util/delay.h ****    user will not be informed about decreased resolution.
 119:/usr/local/CrossPack-AVR-20131216/avr/include/util/delay.h **** 
 120:/usr/local/CrossPack-AVR-20131216/avr/include/util/delay.h ****    If the avr-gcc toolchain has __builtin_avr_delay_cycles(unsigned long)
 121:/usr/local/CrossPack-AVR-20131216/avr/include/util/delay.h ****    support, maximal possible delay is 4294967.295 ms/ F_CPU in MHz. For
 122:/usr/local/CrossPack-AVR-20131216/avr/include/util/delay.h ****    values greater than the maximal possible delay, overflows results in
 123:/usr/local/CrossPack-AVR-20131216/avr/include/util/delay.h ****    no delay i.e., 0ms.
 124:/usr/local/CrossPack-AVR-20131216/avr/include/util/delay.h **** 
 125:/usr/local/CrossPack-AVR-20131216/avr/include/util/delay.h ****    Conversion of __us into clock cycles may not always result in integer.
 126:/usr/local/CrossPack-AVR-20131216/avr/include/util/delay.h ****    By default, the clock cycles rounded up to next integer. This ensures that
 127:/usr/local/CrossPack-AVR-20131216/avr/include/util/delay.h ****    the user gets atleast __us microseconds of delay.
 128:/usr/local/CrossPack-AVR-20131216/avr/include/util/delay.h **** 
 129:/usr/local/CrossPack-AVR-20131216/avr/include/util/delay.h ****    Alternatively, user can define __DELAY_ROUND_DOWN__ and __DELAY_ROUND_CLOSEST__
 130:/usr/local/CrossPack-AVR-20131216/avr/include/util/delay.h ****    to round down and round to closest integer.
 131:/usr/local/CrossPack-AVR-20131216/avr/include/util/delay.h **** 
 132:/usr/local/CrossPack-AVR-20131216/avr/include/util/delay.h ****    Note: The new implementation of _delay_ms(double __ms) with 
 133:/usr/local/CrossPack-AVR-20131216/avr/include/util/delay.h ****     __builtin_avr_delay_cycles(unsigned long) support is not backward compatible. 
 134:/usr/local/CrossPack-AVR-20131216/avr/include/util/delay.h ****    User can define __DELAY_BACKWARD_COMPATIBLE__ to get a backward compatible delay.
 135:/usr/local/CrossPack-AVR-20131216/avr/include/util/delay.h ****    Also, the backward compatible
 136:/usr/local/CrossPack-AVR-20131216/avr/include/util/delay.h ****    algorithm will be chosen if the code is compiled in a <em>freestanding
 137:/usr/local/CrossPack-AVR-20131216/avr/include/util/delay.h ****    environment</em> (GCC option \c -ffreestanding), as the math functions
 138:/usr/local/CrossPack-AVR-20131216/avr/include/util/delay.h ****    required for rounding are not available to the compiler then.
 139:/usr/local/CrossPack-AVR-20131216/avr/include/util/delay.h **** 
 140:/usr/local/CrossPack-AVR-20131216/avr/include/util/delay.h ****  */
 141:/usr/local/CrossPack-AVR-20131216/avr/include/util/delay.h **** void
 142:/usr/local/CrossPack-AVR-20131216/avr/include/util/delay.h **** _delay_ms(double __ms)
 143:/usr/local/CrossPack-AVR-20131216/avr/include/util/delay.h **** {
 144:/usr/local/CrossPack-AVR-20131216/avr/include/util/delay.h **** 	double __tmp ; 
 145:/usr/local/CrossPack-AVR-20131216/avr/include/util/delay.h **** #if __HAS_DELAY_CYCLES && defined(__OPTIMIZE__) && \
 146:/usr/local/CrossPack-AVR-20131216/avr/include/util/delay.h ****   !defined(__DELAY_BACKWARD_COMPATIBLE__) &&	   \
 147:/usr/local/CrossPack-AVR-20131216/avr/include/util/delay.h ****   __STDC_HOSTED__
 148:/usr/local/CrossPack-AVR-20131216/avr/include/util/delay.h **** 	uint32_t __ticks_dc;
 149:/usr/local/CrossPack-AVR-20131216/avr/include/util/delay.h **** 	extern void __builtin_avr_delay_cycles(unsigned long);
 150:/usr/local/CrossPack-AVR-20131216/avr/include/util/delay.h **** 	__tmp = ((F_CPU) / 1e3) * __ms;
 151:/usr/local/CrossPack-AVR-20131216/avr/include/util/delay.h **** 
 152:/usr/local/CrossPack-AVR-20131216/avr/include/util/delay.h **** 	#if defined(__DELAY_ROUND_DOWN__)
 153:/usr/local/CrossPack-AVR-20131216/avr/include/util/delay.h **** 		__ticks_dc = (uint32_t)fabs(__tmp);
 154:/usr/local/CrossPack-AVR-20131216/avr/include/util/delay.h **** 
 155:/usr/local/CrossPack-AVR-20131216/avr/include/util/delay.h **** 	#elif defined(__DELAY_ROUND_CLOSEST__)
 156:/usr/local/CrossPack-AVR-20131216/avr/include/util/delay.h **** 		__ticks_dc = (uint32_t)(fabs(__tmp)+0.5);
 157:/usr/local/CrossPack-AVR-20131216/avr/include/util/delay.h **** 
 158:/usr/local/CrossPack-AVR-20131216/avr/include/util/delay.h **** 	#else
 159:/usr/local/CrossPack-AVR-20131216/avr/include/util/delay.h **** 		//round up by default
 160:/usr/local/CrossPack-AVR-20131216/avr/include/util/delay.h **** 		__ticks_dc = (uint32_t)(ceil(fabs(__tmp)));
 161:/usr/local/CrossPack-AVR-20131216/avr/include/util/delay.h **** 	#endif
 162:/usr/local/CrossPack-AVR-20131216/avr/include/util/delay.h **** 
 163:/usr/local/CrossPack-AVR-20131216/avr/include/util/delay.h **** 	__builtin_avr_delay_cycles(__ticks_dc);
 151               	.LM8:
 152 0022 E7E8      		ldi r30,lo8(4999)
 153 0024 F3E1      		ldi r31,hi8(4999)
 154 0026 3197      		1: sbiw r30,1
 155 0028 01F4      		brne 1b
 156 002a 00C0      		rjmp .
 157 002c 0000      		nop
 158               	.LBE22:
 159               	.LBE21:
 161               	.Ltext2:
  39:/Users/tedmyers/GitHub/learning-AVR/PWM/PWM/main.c ****         for (int i = 0; i < 256; i++)
 163               	.LM9:
 164 002e 0196      		adiw r24,1
 165 0030 00C0      		rjmp .L2
 166               	.L16:
  39:/Users/tedmyers/GitHub/learning-AVR/PWM/PWM/main.c ****         for (int i = 0; i < 256; i++)
 168               	.LM10:
 169 0032 80E0      		ldi r24,0
 170 0034 90E0      		ldi r25,0
 171               	.L5:
 172               	.LBE20:
 173               	.LBB23:
  42:/Users/tedmyers/GitHub/learning-AVR/PWM/PWM/main.c ****             _delay_ms(delay_amount);
  43:/Users/tedmyers/GitHub/learning-AVR/PWM/PWM/main.c ****         }
  44:/Users/tedmyers/GitHub/learning-AVR/PWM/PWM/main.c ****         // fade green down
  45:/Users/tedmyers/GitHub/learning-AVR/PWM/PWM/main.c ****         for (int j = 255; j >= 0; j--)
  46:/Users/tedmyers/GitHub/learning-AVR/PWM/PWM/main.c ****         {
  47:/Users/tedmyers/GitHub/learning-AVR/PWM/PWM/main.c ****             OCR0A = (255-j);
 175               	.LM11:
 176 0036 87BD      		out 0x27,r24
 177               	.LBB24:
 178               	.LBB25:
 180               	.Ltext3:
 182               	.LM12:
 183 0038 E7E8      		ldi r30,lo8(4999)
 184 003a F3E1      		ldi r31,hi8(4999)
 185 003c 3197      		1: sbiw r30,1
 186 003e 01F4      		brne 1b
 187 0040 00C0      		rjmp .
 188 0042 0000      		nop
 189 0044 0196      		adiw r24,1
 190               	.LBE25:
 191               	.LBE24:
 193               	.Ltext4:
  45:/Users/tedmyers/GitHub/learning-AVR/PWM/PWM/main.c ****         for (int j = 255; j >= 0; j--)
 195               	.LM13:
 196 0046 8115      		cp r24,__zero_reg__
 197 0048 F1E0      		ldi r31,1
 198 004a 9F07      		cpc r25,r31
 199 004c 01F4      		brne .L5
  45:/Users/tedmyers/GitHub/learning-AVR/PWM/PWM/main.c ****         for (int j = 255; j >= 0; j--)
 201               	.LM14:
 202 004e 8FEF      		ldi r24,lo8(-1)
 203 0050 90E0      		ldi r25,0
 204               	.L7:
 205               	.LBE23:
 206               	.LBB26:
  48:/Users/tedmyers/GitHub/learning-AVR/PWM/PWM/main.c ****             _delay_ms(delay_amount);
  49:/Users/tedmyers/GitHub/learning-AVR/PWM/PWM/main.c ****         }
  50:/Users/tedmyers/GitHub/learning-AVR/PWM/PWM/main.c ****         
  51:/Users/tedmyers/GitHub/learning-AVR/PWM/PWM/main.c ****         
  52:/Users/tedmyers/GitHub/learning-AVR/PWM/PWM/main.c ****         
  53:/Users/tedmyers/GitHub/learning-AVR/PWM/PWM/main.c ****         //fade blue up
  54:/Users/tedmyers/GitHub/learning-AVR/PWM/PWM/main.c ****         for (int i = 0; i < 256; i++)
  55:/Users/tedmyers/GitHub/learning-AVR/PWM/PWM/main.c ****         {
  56:/Users/tedmyers/GitHub/learning-AVR/PWM/PWM/main.c ****             OCR0B = (255-i);
 208               	.LM15:
 209 0052 88BD      		out 0x28,r24
 210               	.LBB27:
 211               	.LBB28:
 213               	.Ltext5:
 215               	.LM16:
 216 0054 E7E8      		ldi r30,lo8(4999)
 217 0056 F3E1      		ldi r31,hi8(4999)
 218 0058 3197      		1: sbiw r30,1
 219 005a 01F4      		brne 1b
 220 005c 00C0      		rjmp .
 221 005e 0000      		nop
 222               	.LBE28:
 223               	.LBE27:
 224 0060 0197      		sbiw r24,1
 225 0062 00F4      		brcc .L7
 227               	.Ltext6:
  54:/Users/tedmyers/GitHub/learning-AVR/PWM/PWM/main.c ****         for (int i = 0; i < 256; i++)
 229               	.LM17:
 230 0064 80E0      		ldi r24,0
 231 0066 90E0      		ldi r25,0
 232               	.L9:
 233               	.LBE26:
 234               	.LBB29:
  57:/Users/tedmyers/GitHub/learning-AVR/PWM/PWM/main.c ****             _delay_ms(delay_amount);
  58:/Users/tedmyers/GitHub/learning-AVR/PWM/PWM/main.c ****         }
  59:/Users/tedmyers/GitHub/learning-AVR/PWM/PWM/main.c ****         // fade blue down
  60:/Users/tedmyers/GitHub/learning-AVR/PWM/PWM/main.c ****         for (int j = 255; j >= 0; j--)
  61:/Users/tedmyers/GitHub/learning-AVR/PWM/PWM/main.c ****         {
  62:/Users/tedmyers/GitHub/learning-AVR/PWM/PWM/main.c ****             OCR0B = (255-j);
 236               	.LM18:
 237 0068 88BD      		out 0x28,r24
 238               	.LBB30:
 239               	.LBB31:
 241               	.Ltext7:
 243               	.LM19:
 244 006a E7E8      		ldi r30,lo8(4999)
 245 006c F3E1      		ldi r31,hi8(4999)
 246 006e 3197      		1: sbiw r30,1
 247 0070 01F4      		brne 1b
 248 0072 00C0      		rjmp .
 249 0074 0000      		nop
 250 0076 0196      		adiw r24,1
 251               	.LBE31:
 252               	.LBE30:
 254               	.Ltext8:
  60:/Users/tedmyers/GitHub/learning-AVR/PWM/PWM/main.c ****         for (int j = 255; j >= 0; j--)
 256               	.LM20:
 257 0078 8115      		cp r24,__zero_reg__
 258 007a F1E0      		ldi r31,1
 259 007c 9F07      		cpc r25,r31
 260 007e 01F4      		brne .L9
  60:/Users/tedmyers/GitHub/learning-AVR/PWM/PWM/main.c ****         for (int j = 255; j >= 0; j--)
 262               	.LM21:
 263 0080 8FEF      		ldi r24,lo8(-1)
 264 0082 90E0      		ldi r25,0
 265               	.L11:
 266               	.LBE29:
 267               	.LBB32:
  63:/Users/tedmyers/GitHub/learning-AVR/PWM/PWM/main.c ****             _delay_ms(delay_amount);
  64:/Users/tedmyers/GitHub/learning-AVR/PWM/PWM/main.c ****         }
  65:/Users/tedmyers/GitHub/learning-AVR/PWM/PWM/main.c ****         
  66:/Users/tedmyers/GitHub/learning-AVR/PWM/PWM/main.c ****         //fade red up
  67:/Users/tedmyers/GitHub/learning-AVR/PWM/PWM/main.c ****         for (int i = 0; i < 256; i++)
  68:/Users/tedmyers/GitHub/learning-AVR/PWM/PWM/main.c ****         {
  69:/Users/tedmyers/GitHub/learning-AVR/PWM/PWM/main.c ****             OCR2B = (255-i);
 269               	.LM22:
 270 0084 8093 B400 		sts 180,r24
 271               	.LBB33:
 272               	.LBB34:
 274               	.Ltext9:
 276               	.LM23:
 277 0088 E7E8      		ldi r30,lo8(4999)
 278 008a F3E1      		ldi r31,hi8(4999)
 279 008c 3197      		1: sbiw r30,1
 280 008e 01F4      		brne 1b
 281 0090 00C0      		rjmp .
 282 0092 0000      		nop
 283               	.LBE34:
 284               	.LBE33:
 285 0094 0197      		sbiw r24,1
 286 0096 00F4      		brcc .L11
 288               	.Ltext10:
  67:/Users/tedmyers/GitHub/learning-AVR/PWM/PWM/main.c ****         for (int i = 0; i < 256; i++)
 290               	.LM24:
 291 0098 80E0      		ldi r24,0
 292 009a 90E0      		ldi r25,0
 293               	.L13:
 294               	.LBE32:
 295               	.LBB35:
  70:/Users/tedmyers/GitHub/learning-AVR/PWM/PWM/main.c ****             _delay_ms(delay_amount);
  71:/Users/tedmyers/GitHub/learning-AVR/PWM/PWM/main.c ****         }
  72:/Users/tedmyers/GitHub/learning-AVR/PWM/PWM/main.c ****         // fade red down
  73:/Users/tedmyers/GitHub/learning-AVR/PWM/PWM/main.c ****         for (int j = 255; j >= 0; j--)
  74:/Users/tedmyers/GitHub/learning-AVR/PWM/PWM/main.c ****         {
  75:/Users/tedmyers/GitHub/learning-AVR/PWM/PWM/main.c ****             OCR2B = (255-j);
 297               	.LM25:
 298 009c 8093 B400 		sts 180,r24
 299               	.LBB36:
 300               	.LBB37:
 302               	.Ltext11:
 304               	.LM26:
 305 00a0 E7E8      		ldi r30,lo8(4999)
 306 00a2 F3E1      		ldi r31,hi8(4999)
 307 00a4 3197      		1: sbiw r30,1
 308 00a6 01F4      		brne 1b
 309 00a8 00C0      		rjmp .
 310 00aa 0000      		nop
 311 00ac 0196      		adiw r24,1
 312               	.LBE37:
 313               	.LBE36:
 315               	.Ltext12:
  73:/Users/tedmyers/GitHub/learning-AVR/PWM/PWM/main.c ****         for (int j = 255; j >= 0; j--)
 317               	.LM27:
 318 00ae 8115      		cp r24,__zero_reg__
 319 00b0 F1E0      		ldi r31,1
 320 00b2 9F07      		cpc r25,r31
 321 00b4 01F4      		brne .L13
 322 00b6 00C0      		rjmp .L14
 323               	.LBE35:
 328               	.Lscope1:
 329               		.text
 331               	.global	pwm_init
 333               	pwm_init:
  76:/Users/tedmyers/GitHub/learning-AVR/PWM/PWM/main.c ****             _delay_ms(delay_amount);
  77:/Users/tedmyers/GitHub/learning-AVR/PWM/PWM/main.c ****         }
  78:/Users/tedmyers/GitHub/learning-AVR/PWM/PWM/main.c ****         
  79:/Users/tedmyers/GitHub/learning-AVR/PWM/PWM/main.c ****         
  80:/Users/tedmyers/GitHub/learning-AVR/PWM/PWM/main.c ****     }
  81:/Users/tedmyers/GitHub/learning-AVR/PWM/PWM/main.c **** 
  82:/Users/tedmyers/GitHub/learning-AVR/PWM/PWM/main.c **** }
  83:/Users/tedmyers/GitHub/learning-AVR/PWM/PWM/main.c **** 
  84:/Users/tedmyers/GitHub/learning-AVR/PWM/PWM/main.c **** // Initialize PWM: set the mode for timers, configure settings
  85:/Users/tedmyers/GitHub/learning-AVR/PWM/PWM/main.c **** void pwm_init(void)
  86:/Users/tedmyers/GitHub/learning-AVR/PWM/PWM/main.c **** {
 335               	.LM28:
 336               	.LFBB2:
 337               	/* prologue: function */
 338               	/* frame size = 0 */
 339               	/* stack size = 0 */
 340               	.L__stack_usage = 0
  87:/Users/tedmyers/GitHub/learning-AVR/PWM/PWM/main.c ****     // Fast PWM mode for timers 0 and 2 (p.106)
  88:/Users/tedmyers/GitHub/learning-AVR/PWM/PWM/main.c ****     TCCR0A |= (1 << WGM01) | (1 << WGM00);
 342               	.LM29:
 343 0000 84B5      		in r24,0x24
 344 0002 8360      		ori r24,lo8(3)
 345 0004 84BD      		out 0x24,r24
  89:/Users/tedmyers/GitHub/learning-AVR/PWM/PWM/main.c ****     TCCR2A |= (1 << WGM21) | (1 << WGM20);
 347               	.LM30:
 348 0006 E0EB      		ldi r30,lo8(-80)
 349 0008 F0E0      		ldi r31,0
 350 000a 8081      		ld r24,Z
 351 000c 8360      		ori r24,lo8(3)
 352 000e 8083      		st Z,r24
  90:/Users/tedmyers/GitHub/learning-AVR/PWM/PWM/main.c ****     
  91:/Users/tedmyers/GitHub/learning-AVR/PWM/PWM/main.c ****     // clear OC0A on compare match, set on BOTTOM (inverting) (p.104)
  92:/Users/tedmyers/GitHub/learning-AVR/PWM/PWM/main.c ****     // 255 is fully off, 0 is fully on
  93:/Users/tedmyers/GitHub/learning-AVR/PWM/PWM/main.c ****     TCCR0A |= (1 << COM0A1) | (1 << COM0A0) | (1 << COM0B1) | (1 << COM0B0); // set for A0 & B0
 354               	.LM31:
 355 0010 84B5      		in r24,0x24
 356 0012 806F      		ori r24,lo8(-16)
 357 0014 84BD      		out 0x24,r24
  94:/Users/tedmyers/GitHub/learning-AVR/PWM/PWM/main.c ****     TCCR2A |= (1 << COM2B1) | (1 << COM2B0);
 359               	.LM32:
 360 0016 8081      		ld r24,Z
 361 0018 8063      		ori r24,lo8(48)
 362 001a 8083      		st Z,r24
  95:/Users/tedmyers/GitHub/learning-AVR/PWM/PWM/main.c ****     
  96:/Users/tedmyers/GitHub/learning-AVR/PWM/PWM/main.c ****     // Use clock directly, no prescaler (p.107)
  97:/Users/tedmyers/GitHub/learning-AVR/PWM/PWM/main.c ****     TCCR0B |= (0 << CS02) | (0 << CS01) | (1 << CS00);
 364               	.LM33:
 365 001c 85B5      		in r24,0x25
 366 001e 8160      		ori r24,lo8(1)
 367 0020 85BD      		out 0x25,r24
  98:/Users/tedmyers/GitHub/learning-AVR/PWM/PWM/main.c ****     TCCR2B |= (0 << CS22) | (0 << CS21) | (1 << CS20);
 369               	.LM34:
 370 0022 E1EB      		ldi r30,lo8(-79)
 371 0024 F0E0      		ldi r31,0
 372 0026 8081      		ld r24,Z
 373 0028 8160      		ori r24,lo8(1)
 374 002a 8083      		st Z,r24
  99:/Users/tedmyers/GitHub/learning-AVR/PWM/PWM/main.c ****     
 100:/Users/tedmyers/GitHub/learning-AVR/PWM/PWM/main.c ****     // initialize counter for TIMER 0 and TIMER 2 (p.108)
 101:/Users/tedmyers/GitHub/learning-AVR/PWM/PWM/main.c ****     TCNT0 = 0;
 376               	.LM35:
 377 002c 16BC      		out 0x26,__zero_reg__
 102:/Users/tedmyers/GitHub/learning-AVR/PWM/PWM/main.c ****     TCNT2 = 0;
 379               	.LM36:
 380 002e 1092 B200 		sts 178,__zero_reg__
 381 0032 0895      		ret
 383               	.Lscope2:
 385               	.Letext0:
 386               		.ident	"GCC: (GNU) 4.8.1"
DEFINED SYMBOLS
                            *ABS*:00000000 main.c
/var/folders/l2/bb4sdg190jl6980wclmsgs7h0000gr/T//ccNSp4oA.s:2      *ABS*:0000003e __SP_H__
/var/folders/l2/bb4sdg190jl6980wclmsgs7h0000gr/T//ccNSp4oA.s:3      *ABS*:0000003d __SP_L__
/var/folders/l2/bb4sdg190jl6980wclmsgs7h0000gr/T//ccNSp4oA.s:4      *ABS*:0000003f __SREG__
/var/folders/l2/bb4sdg190jl6980wclmsgs7h0000gr/T//ccNSp4oA.s:5      *ABS*:00000000 __tmp_reg__
/var/folders/l2/bb4sdg190jl6980wclmsgs7h0000gr/T//ccNSp4oA.s:6      *ABS*:00000001 __zero_reg__
/var/folders/l2/bb4sdg190jl6980wclmsgs7h0000gr/T//ccNSp4oA.s:105    .text.startup:00000000 main
/var/folders/l2/bb4sdg190jl6980wclmsgs7h0000gr/T//ccNSp4oA.s:333    .text:00000000 pwm_init

NO UNDEFINED SYMBOLS
